<?xml version="1.0" encoding="UTF-8"?>
<!-- Generated by org.testng.reporters.JUnitReportReporter -->
<testsuite hostname="DESKTOP-KHV87JG" failures="0" tests="1" name="Pratice.DemoTest" time="0.002" errors="0" timestamp="2023-08-29T10:14:18 IST" skipped="0">
  <testcase classname="Pratice.DemoTest" name="DemoTest" time="0.002"/>
  <system-out/>
</testsuite> <!-- Pratice.DemoTest -->
